<?xml version="1.0" encoding="UTF-8"?>
<!-- Generated by org.testng.reporters.JUnitReportReporter -->
<testsuite hostname="LAPTOP-ASKQ9BMM" failures="0" tests="6" name="ujian.ujiankelima.testng.TestParsingString" time="0.020" errors="0" timestamp="2022-09-25T10:01:32 WIB" skipped="0">
  <testcase classname="ujian.ujiankelima.testng.TestParsingString" name="testParsingStringToByte" time="0.009"/>
  <system-out/>
  <testcase classname="ujian.ujiankelima.testng.TestParsingString" name="testParsingStringToShort" time="0.002"/>
  <system-out/>
  <testcase classname="ujian.ujiankelima.testng.TestParsingString" name="testParsingStringToInt" time="0.002"/>
  <system-out/>
  <testcase classname="ujian.ujiankelima.testng.TestParsingString" name="testParsingStringtoDouble" time="0.003"/>
  <system-out/>
  <testcase classname="ujian.ujiankelima.testng.TestParsingString" name="testParsingStringToFloat" time="0.003"/>
  <system-out/>
  <testcase classname="ujian.ujiankelima.testng.TestParsingString" name="testParsingStringToLong" time="0.001"/>
  <system-out/>
</testsuite> <!-- ujian.ujiankelima.testng.TestParsingString -->
