<?xml version="1.0" encoding="UTF-8"?>
<!-- Generated by org.testng.reporters.JUnitReportReporter -->
<testsuite hostname="LAPTOP-ASKQ9BMM" failures="0" tests="4" name="ujian.ujianminggukedua.TestMatematikaPriorityKebalik" time="0.009" errors="0" timestamp="2022-09-06T13:52:54 WIB" skipped="0">
  <testcase classname="ujian.ujianminggukedua.TestMatematikaPriorityKebalik" name="testModulusNilai" time="0.003"/>
  <system-out/>
  <testcase classname="ujian.ujianminggukedua.TestMatematikaPriorityKebalik" name="testBagiNilai" time="0.002"/>
  <system-out/>
  <testcase classname="ujian.ujianminggukedua.TestMatematikaPriorityKebalik" name="testKurangNilai" time="0.002"/>
  <system-out/>
  <testcase classname="ujian.ujianminggukedua.TestMatematikaPriorityKebalik" name="testJumlahNilai" time="0.002"/>
  <system-out/>
</testsuite> <!-- ujian.ujianminggukedua.TestMatematikaPriorityKebalik -->
