<?xml version="1.0" encoding="UTF-8"?>
<!-- Generated by org.testng.reporters.JUnitReportReporter -->
<testsuite hostname="LAPTOP-ASKQ9BMM" failures="0" tests="3" name="ujian.ujianminggukedua.TestParsingString" time="0.010" errors="0" timestamp="2022-09-06T13:51:19 WIB" skipped="0">
  <testcase classname="ujian.ujianminggukedua.TestParsingString" name="testParsingStringToInt" time="0.004"/>
  <system-out/>
  <testcase classname="ujian.ujianminggukedua.TestParsingString" name="testParsingStringtoDouble" time="0.003"/>
  <system-out/>
  <testcase classname="ujian.ujianminggukedua.TestParsingString" name="testParsingStringToFloat" time="0.003"/>
  <system-out/>
</testsuite> <!-- ujian.ujianminggukedua.TestParsingString -->
