<?xml version="1.0" encoding="UTF-8"?>
<!-- Generated by org.testng.reporters.JUnitReportReporter -->
<testsuite hostname="LAPTOP-ASKQ9BMM" failures="0" tests="15" name="ujian.ujiankeempat.openweather.ByCityNameStateCode" time="4.444" errors="0" timestamp="2022-09-18T09:26:48 WIB" skipped="0">
  <testcase classname="ujian.ujiankeempat.openweather.ByCityNameStateCode" name="testGet" time="0.289"/>
  <system-out/>
  <testcase classname="ujian.ujiankeempat.openweather.ByCityNameStateCode" name="testGet" time="0.206"/>
  <system-out/>
  <testcase classname="ujian.ujiankeempat.openweather.ByCityNameStateCode" name="testGet" time="0.210"/>
  <system-out/>
  <testcase classname="ujian.ujiankeempat.openweather.ByCityNameStateCode" name="testGet" time="1.343"/>
  <system-out/>
  <testcase classname="ujian.ujiankeempat.openweather.ByCityNameStateCode" name="testGet" time="0.221"/>
  <system-out/>
  <testcase classname="ujian.ujiankeempat.openweather.ByCityNameStateCode" name="testGet" time="0.251"/>
  <system-out/>
  <testcase classname="ujian.ujiankeempat.openweather.ByCityNameStateCode" name="testGet" time="0.216"/>
  <system-out/>
  <testcase classname="ujian.ujiankeempat.openweather.ByCityNameStateCode" name="testGet" time="0.207"/>
  <system-out/>
  <testcase classname="ujian.ujiankeempat.openweather.ByCityNameStateCode" name="testGet" time="0.203"/>
  <system-out/>
  <testcase classname="ujian.ujiankeempat.openweather.ByCityNameStateCode" name="testGet" time="0.211"/>
  <system-out/>
  <testcase classname="ujian.ujiankeempat.openweather.ByCityNameStateCode" name="testGet" time="0.221"/>
  <system-out/>
  <testcase classname="ujian.ujiankeempat.openweather.ByCityNameStateCode" name="testGet" time="0.202"/>
  <system-out/>
  <testcase classname="ujian.ujiankeempat.openweather.ByCityNameStateCode" name="testGet" time="0.220"/>
  <system-out/>
  <testcase classname="ujian.ujiankeempat.openweather.ByCityNameStateCode" name="testGet" time="0.217"/>
  <system-out/>
  <testcase classname="ujian.ujiankeempat.openweather.ByCityNameStateCode" name="testGet" time="0.227"/>
  <system-out/>
</testsuite> <!-- ujian.ujiankeempat.openweather.ByCityNameStateCode -->
