<?xml version="1.0" encoding="UTF-8"?>
<!-- Generated by org.testng.reporters.JUnitReportReporter -->
<testsuite hostname="LAPTOP-ASKQ9BMM" failures="0" tests="4" name="ujian.ujiankeempat.nopcommerce.TestLoginPage" time="40.440" errors="0" timestamp="2022-09-18T11:06:59 WIB" skipped="0">
  <testcase classname="ujian.ujiankeempat.nopcommerce.TestLoginPage" name="testLoginPage" time="9.535"/>
  <system-out/>
  <testcase classname="ujian.ujiankeempat.nopcommerce.TestLoginPage" name="testLoginPageClear" time="12.556"/>
  <system-out/>
  <testcase classname="ujian.ujiankeempat.nopcommerce.TestLoginPage" name="testLoginPageClearEmailNull" time="7.536"/>
  <system-out/>
  <testcase classname="ujian.ujiankeempat.nopcommerce.TestLoginPage" name="testLoginPageClearPasswordNull" time="10.813"/>
  <system-out/>
</testsuite> <!-- ujian.ujiankeempat.nopcommerce.TestLoginPage -->
