<?xml version="1.0" encoding="UTF-8"?>
<!-- Generated by org.testng.reporters.JUnitReportReporter -->
<testsuite hostname="LAPTOP-ASKQ9BMM" failures="0" tests="1" name="ujian.ujiankelima.selenium.TestSearchPage" time="16.933" errors="0" timestamp="2022-09-25T10:26:19 WIB" skipped="0">
  <testcase classname="ujian.ujiankelima.selenium.TestSearchPage" name="testSearchData" time="16.933"/>
  <system-out/>
</testsuite> <!-- ujian.ujiankelima.selenium.TestSearchPage -->
