<?xml version="1.0" encoding="UTF-8"?>
<!-- Generated by org.testng.reporters.JUnitReportReporter -->
<testsuite hostname="LAPTOP-ASKQ9BMM" failures="0" tests="4" name="ujian.ujianminggukedua.TestMatematika" time="0.012" errors="0" timestamp="2022-09-06T13:51:19 WIB" skipped="0">
  <testcase classname="ujian.ujianminggukedua.TestMatematika" name="testJumlahNilai" time="0.003"/>
  <system-out/>
  <testcase classname="ujian.ujianminggukedua.TestMatematika" name="testKurangNilai" time="0.002"/>
  <system-out/>
  <testcase classname="ujian.ujianminggukedua.TestMatematika" name="testBagiNilai" time="0.004"/>
  <system-out/>
  <testcase classname="ujian.ujianminggukedua.TestMatematika" name="testModulusNilai" time="0.003"/>
  <system-out/>
</testsuite> <!-- ujian.ujianminggukedua.TestMatematika -->
