<?xml version="1.0" encoding="UTF-8"?>
<!-- Generated by org.testng.reporters.JUnitReportReporter -->
<testsuite hostname="LAPTOP-ASKQ9BMM" failures="0" tests="2" name="latihan.cucumber.nopc.LoginRunner" time="14.305" errors="0" timestamp="2022-09-19T21:43:55 WIB" skipped="0">
  <testcase classname="latihan.cucumber.nopc.LoginRunner" name="runScenario" time="6.938"/>
  <system-out/>
  <testcase classname="latihan.cucumber.nopc.LoginRunner" name="runScenario" time="7.367"/>
  <system-out/>
</testsuite> <!-- latihan.cucumber.nopc.LoginRunner -->
