<?xml version="1.0" encoding="UTF-8"?>
<!-- Generated by org.testng.reporters.JUnitReportReporter -->
<testsuite hostname="LAPTOP-ASKQ9BMM" failures="0" tests="1" name="tugas.selenium.demoqa.TextBox" time="16.254" errors="0" timestamp="2022-09-15T22:30:11 WIB" skipped="0">
  <testcase classname="tugas.selenium.demoqa.TextBox" name="testTextBox" time="16.254"/>
  <system-out/>
</testsuite> <!-- tugas.selenium.demoqa.TextBox -->
