<?xml version="1.0" encoding="UTF-8"?>
<!-- Generated by org.testng.reporters.JUnitReportReporter -->
<testsuite hostname="LAPTOP-ASKQ9BMM" failures="0" tests="1" name="tugas.selenium.formy.AutoComplete" time="90.499" errors="0" timestamp="2022-09-15T19:53:46 WIB" skipped="0">
  <testcase classname="tugas.selenium.formy.AutoComplete" name="testAutoComplete" time="90.499"/>
  <system-out/>
</testsuite> <!-- tugas.selenium.formy.AutoComplete -->
