<?xml version="1.0" encoding="UTF-8"?>
<!-- Generated by org.testng.reporters.JUnitReportReporter -->
<testsuite hostname="LAPTOP-ASKQ9BMM" failures="0" tests="1" name="ujian.ujiankelima.selenium.TestShopQA" time="18.976" errors="0" timestamp="2022-09-24T22:13:19 WIB" skipped="0">
  <testcase classname="ujian.ujiankelima.selenium.TestShopQA" name="testDashboardSearch" time="18.976"/>
  <system-out/>
</testsuite> <!-- ujian.ujiankelima.selenium.TestShopQA -->
