<?xml version="1.0" encoding="UTF-8"?>
<!-- Generated by org.testng.reporters.JUnitReportReporter -->
<testsuite hostname="LAPTOP-ASKQ9BMM" failures="0" tests="1" name="tugas.selenium.formy.KeyAndMousePress" time="5.523" errors="0" timestamp="2022-09-15T21:13:19 WIB" skipped="0">
  <testcase classname="tugas.selenium.formy.KeyAndMousePress" name="testKeyAndMousePress" time="5.523"/>
  <system-out/>
</testsuite> <!-- tugas.selenium.formy.KeyAndMousePress -->
