<?xml version="1.0" encoding="UTF-8"?>
<!-- Generated by org.testng.reporters.JUnitReportReporter -->
<testsuite hostname="LAPTOP-ASKQ9BMM" failures="0" tests="7" name="ujian.ujiankeempat.nopcommerce.TestManufacturesPage" time="75.078" errors="0" timestamp="2022-09-18T08:53:38 WIB" skipped="0">
  <testcase classname="ujian.ujiankeempat.nopcommerce.TestManufacturesPage" name="testManufacturesFormCaseNullAll" time="9.013"/>
  <system-out/>
  <testcase classname="ujian.ujiankeempat.nopcommerce.TestManufacturesPage" name="testManufacturesFormCaseNullPublishedOnly" time="10.845"/>
  <system-out/>
  <testcase classname="ujian.ujiankeempat.nopcommerce.TestManufacturesPage" name="testManufacturesFormCaseNullUnPublishedOnly" time="12.019"/>
  <system-out/>
  <testcase classname="ujian.ujiankeempat.nopcommerce.TestManufacturesPage" name="testManufacturesFormCaseOne" time="10.912"/>
  <system-out/>
  <testcase classname="ujian.ujiankeempat.nopcommerce.TestManufacturesPage" name="testManufacturesFormCaseTwo" time="9.981"/>
  <system-out/>
  <testcase classname="ujian.ujiankeempat.nopcommerce.TestManufacturesPage" name="testManufacturesFormCaseThree" time="12.285"/>
  <system-out/>
  <testcase classname="ujian.ujiankeempat.nopcommerce.TestManufacturesPage" name="testManufacturesFormNegative" time="10.023"/>
  <system-out/>
</testsuite> <!-- ujian.ujiankeempat.nopcommerce.TestManufacturesPage -->
