<?xml version="1.0" encoding="UTF-8"?>
<!-- Generated by org.testng.reporters.JUnitReportReporter -->
<testsuite hostname="LAPTOP-ASKQ9BMM" failures="0" tests="1" name="latihan.selenium.AmazonForm" time="13.457" errors="0" timestamp="2022-09-16T15:57:32 WIB" skipped="0">
  <testcase classname="latihan.selenium.AmazonForm" name="testAmazonForm" time="13.457"/>
  <system-out/>
</testsuite> <!-- latihan.selenium.AmazonForm -->
