<?xml version="1.0" encoding="UTF-8"?>
<!-- Generated by org.testng.reporters.JUnitReportReporter -->
<testsuite hostname="LAPTOP-ASKQ9BMM" failures="0" tests="1" name="tugas.selenium.formy.CompleteWebForm" time="5.242" errors="0" timestamp="2022-09-15T22:16:48 WIB" skipped="0">
  <testcase classname="tugas.selenium.formy.CompleteWebForm" name="testCompleteWebForm" time="5.242"/>
  <system-out/>
</testsuite> <!-- tugas.selenium.formy.CompleteWebForm -->
