<?xml version="1.0" encoding="UTF-8"?>
<!-- Generated by org.testng.reporters.JUnitReportReporter -->
<testsuite hostname="LAPTOP-ASKQ9BMM" failures="0" tests="1" name="tugas.selenium.formy.Datepicker" time="7.593" errors="0" timestamp="2022-09-15T08:21:26 WIB" skipped="0">
  <testcase classname="tugas.selenium.formy.Datepicker" name="testDatepicker" time="7.593"/>
  <system-out/>
</testsuite> <!-- tugas.selenium.formy.Datepicker -->
