<?xml version="1.0" encoding="UTF-8"?>
<!-- Generated by org.testng.reporters.JUnitReportReporter -->
<testsuite hostname="LAPTOP-ASKQ9BMM" failures="0" tests="7" name="latihan.selenium.pagefactoryobject.TestLogin" time="84.126" errors="0" timestamp="2022-09-15T13:21:25 WIB" skipped="0">
  <testcase classname="latihan.selenium.pagefactoryobject.TestLogin" name="testInvalidUsernamePasswordNull" time="8.489"/>
  <system-out/>
  <testcase classname="latihan.selenium.pagefactoryobject.TestLogin" name="testValidLoginUsernameKapital" time="12.150"/>
  <system-out/>
  <testcase classname="latihan.selenium.pagefactoryobject.TestLogin" name="testInvalidPassword" time="10.629"/>
  <system-out/>
  <testcase classname="latihan.selenium.pagefactoryobject.TestLogin" name="testInvalidUsernameNull" time="10.281"/>
  <system-out/>
  <testcase classname="latihan.selenium.pagefactoryobject.TestLogin" name="testValidLogin" time="14.661"/>
  <system-out/>
  <testcase classname="latihan.selenium.pagefactoryobject.TestLogin" name="testInvalidPasswordNull" time="11.961"/>
  <system-out/>
  <testcase classname="latihan.selenium.pagefactoryobject.TestLogin" name="testInvalidUsername" time="15.955"/>
  <system-out/>
</testsuite> <!-- latihan.selenium.pagefactoryobject.TestLogin -->
