<?xml version="1.0" encoding="UTF-8"?>
<!-- Generated by org.testng.reporters.JUnitReportReporter -->
<testsuite hostname="LAPTOP-ASKQ9BMM" failures="0" tests="1" name="tugas.selenium.formy.SwitchWindow" time="6.505" errors="0" timestamp="2022-09-15T21:44:15 WIB" skipped="0">
  <testcase classname="tugas.selenium.formy.SwitchWindow" name="testSwitchWindow" time="6.505"/>
  <system-out/>
</testsuite> <!-- tugas.selenium.formy.SwitchWindow -->
