<?xml version="1.0" encoding="UTF-8"?>
<!-- Generated by org.testng.reporters.JUnitReportReporter -->
<testsuite hostname="LAPTOP-ASKQ9BMM" failures="0" tests="1" name="ujian.ujiankelima.selenium.TestZoomProduct" time="11.591" errors="0" timestamp="2022-09-25T10:26:19 WIB" skipped="0">
  <testcase classname="ujian.ujiankelima.selenium.TestZoomProduct" name="testZoomProduct" time="11.591"/>
  <system-out/>
</testsuite> <!-- ujian.ujiankelima.selenium.TestZoomProduct -->
