<?xml version="1.0" encoding="UTF-8"?>
<!-- Generated by org.testng.reporters.JUnitReportReporter -->
<testsuite hostname="LAPTOP-ASKQ9BMM" failures="0" tests="1" name="tugas.selenium.formy.Checkboxes" time="16.968" errors="0" timestamp="2022-09-15T20:05:59 WIB" skipped="0">
  <testcase classname="tugas.selenium.formy.Checkboxes" name="testCheckboxes" time="16.968"/>
  <system-out/>
</testsuite> <!-- tugas.selenium.formy.Checkboxes -->
