<?xml version="1.0" encoding="UTF-8"?>
<!-- Generated by org.testng.reporters.JUnitReportReporter -->
<testsuite hostname="LAPTOP-ASKQ9BMM" failures="0" tests="1" name="tugas.selenium.formy.Dropdown" time="9.565" errors="0" timestamp="2022-09-15T20:35:09 WIB" skipped="0">
  <testcase classname="tugas.selenium.formy.Dropdown" name="testDropdown" time="9.565"/>
  <system-out/>
</testsuite> <!-- tugas.selenium.formy.Dropdown -->
