<?xml version="1.0" encoding="UTF-8"?>
<!-- Generated by org.testng.reporters.JUnitReportReporter -->
<testsuite hostname="LAPTOP-ASKQ9BMM" failures="0" tests="1" name="tugas.selenium.formy.Button" time="3.327" errors="0" timestamp="2022-09-16T08:14:25 WIB" skipped="0">
  <testcase classname="tugas.selenium.formy.Button" name="testButtons" time="3.327"/>
  <system-out/>
</testsuite> <!-- tugas.selenium.formy.Button -->
