<?xml version="1.0" encoding="UTF-8"?>
<!-- Generated by org.testng.reporters.JUnitReportReporter -->
<testsuite hostname="LAPTOP-ASKQ9BMM" failures="0" tests="1" name="tugas.selenium.formy.DragAndDrop" time="8.443" errors="0" timestamp="2022-09-15T08:23:11 WIB" skipped="0">
  <testcase classname="tugas.selenium.formy.DragAndDrop" name="testDragAndDrop" time="8.443"/>
  <system-out/>
</testsuite> <!-- tugas.selenium.formy.DragAndDrop -->
