<?xml version="1.0" encoding="UTF-8"?>
<!-- Generated by org.testng.reporters.JUnitReportReporter -->
<testsuite hostname="LAPTOP-ASKQ9BMM" failures="0" tests="1" name="tugas.selenium.formy.Datepicker" time="14.825" errors="0" timestamp="2022-09-15T20:11:08 WIB" skipped="0">
  <testcase classname="tugas.selenium.formy.Datepicker" name="testDatepicker" time="14.825"/>
  <system-out/>
</testsuite> <!-- tugas.selenium.formy.Datepicker -->
