<?xml version="1.0" encoding="UTF-8"?>
<!-- Generated by org.testng.reporters.JUnitReportReporter -->
<testsuite hostname="LAPTOP-ASKQ9BMM" failures="0" tests="3" name="ujian.ujianminggukedua.TestParsingStringPriorityKebalik" time="0.016" errors="0" timestamp="2022-09-06T13:52:54 WIB" skipped="0">
  <testcase classname="ujian.ujianminggukedua.TestParsingStringPriorityKebalik" name="testParsingStringToFloat" time="0.013"/>
  <system-out/>
  <testcase classname="ujian.ujianminggukedua.TestParsingStringPriorityKebalik" name="testParsingStringtoDouble" time="0.001"/>
  <system-out/>
  <testcase classname="ujian.ujianminggukedua.TestParsingStringPriorityKebalik" name="testParsingStringToInt" time="0.002"/>
  <system-out/>
</testsuite> <!-- ujian.ujianminggukedua.TestParsingStringPriorityKebalik -->
