<?xml version="1.0" encoding="UTF-8"?>
<!-- Generated by org.testng.reporters.JUnitReportReporter -->
<testsuite hostname="LAPTOP-ASKQ9BMM" failures="0" tests="1" name="tugas.selenium.formy.RadioButton" time="4.666" errors="0" timestamp="2022-09-15T21:25:41 WIB" skipped="0">
  <testcase classname="tugas.selenium.formy.RadioButton" name="testRadioButton" time="4.666"/>
  <system-out/>
</testsuite> <!-- tugas.selenium.formy.RadioButton -->
