<?xml version="1.0" encoding="UTF-8"?>
<!-- Generated by org.testng.reporters.JUnitReportReporter -->
<testsuite hostname="LAPTOP-ASKQ9BMM" failures="0" tests="1" name="ujian.ujiankelima.selenium.TestDashboardSearch" time="9.543" errors="0" timestamp="2022-09-25T02:49:19 WIB" skipped="0">
  <testcase classname="ujian.ujiankelima.selenium.TestDashboardSearch" name="testDashboardSearch" time="9.543"/>
  <system-out/>
</testsuite> <!-- ujian.ujiankelima.selenium.TestDashboardSearch -->
