<?xml version="1.0" encoding="UTF-8"?>
<!-- Generated by org.testng.reporters.JUnitReportReporter -->
<testsuite hostname="LAPTOP-ASKQ9BMM" failures="0" tests="1" name="latihan.selenium.CekJudul" time="6.586" errors="0" timestamp="2022-09-15T13:41:19 WIB" skipped="0">
  <testcase classname="latihan.selenium.CekJudul" name="cekGoogle" time="6.586"/>
  <system-out/>
</testsuite> <!-- latihan.selenium.CekJudul -->
