<?xml version="1.0" encoding="UTF-8"?>
<!-- Generated by org.testng.reporters.JUnitReportReporter -->
<testsuite hostname="LAPTOP-ASKQ9BMM" failures="0" tests="15" name="ujian.ujiankeempat.openweather.ByCityName" time="5.038" errors="0" timestamp="2022-09-18T09:19:38 WIB" skipped="0">
  <testcase classname="ujian.ujiankeempat.openweather.ByCityName" name="testGet" time="0.407"/>
  <system-out/>
  <testcase classname="ujian.ujiankeempat.openweather.ByCityName" name="testGet" time="0.232"/>
  <system-out/>
  <testcase classname="ujian.ujiankeempat.openweather.ByCityName" name="testGet" time="0.220"/>
  <system-out/>
  <testcase classname="ujian.ujiankeempat.openweather.ByCityName" name="testGet" time="0.353"/>
  <system-out/>
  <testcase classname="ujian.ujiankeempat.openweather.ByCityName" name="testGet" time="0.223"/>
  <system-out/>
  <testcase classname="ujian.ujiankeempat.openweather.ByCityName" name="testGet" time="0.237"/>
  <system-out/>
  <testcase classname="ujian.ujiankeempat.openweather.ByCityName" name="testGet" time="0.305"/>
  <system-out/>
  <testcase classname="ujian.ujiankeempat.openweather.ByCityName" name="testGet" time="0.224"/>
  <system-out/>
  <testcase classname="ujian.ujiankeempat.openweather.ByCityName" name="testGet" time="0.249"/>
  <system-out/>
  <testcase classname="ujian.ujiankeempat.openweather.ByCityName" name="testGet" time="0.334"/>
  <system-out/>
  <testcase classname="ujian.ujiankeempat.openweather.ByCityName" name="testGet" time="0.244"/>
  <system-out/>
  <testcase classname="ujian.ujiankeempat.openweather.ByCityName" name="testGet" time="1.249"/>
  <system-out/>
  <testcase classname="ujian.ujiankeempat.openweather.ByCityName" name="testGet" time="0.272"/>
  <system-out/>
  <testcase classname="ujian.ujiankeempat.openweather.ByCityName" name="testGet" time="0.247"/>
  <system-out/>
  <testcase classname="ujian.ujiankeempat.openweather.ByCityName" name="testGet" time="0.242"/>
  <system-out/>
</testsuite> <!-- ujian.ujiankeempat.openweather.ByCityName -->
