<?xml version="1.0" encoding="UTF-8"?>
<!-- Generated by org.testng.reporters.JUnitReportReporter -->
<testsuite hostname="LAPTOP-ASKQ9BMM" failures="0" tests="1" name="tugas.selenium.formy.EnableDisabledElement" time="15.012" errors="0" timestamp="2022-09-15T20:37:33 WIB" skipped="0">
  <testcase classname="tugas.selenium.formy.EnableDisabledElement" name="testEnableDisableElement" time="15.012"/>
  <system-out/>
</testsuite> <!-- tugas.selenium.formy.EnableDisabledElement -->
