<?xml version="1.0" encoding="UTF-8"?>
<!-- Generated by org.testng.reporters.JUnitReportReporter -->
<testsuite hostname="LAPTOP-ASKQ9BMM" failures="0" tests="1" name="tugas.selenium.formy.DragAndDrop" time="9.249" errors="0" timestamp="2022-09-15T20:23:57 WIB" skipped="0">
  <testcase classname="tugas.selenium.formy.DragAndDrop" name="testDragAndDrop" time="9.249"/>
  <system-out/>
</testsuite> <!-- tugas.selenium.formy.DragAndDrop -->
