<?xml version="1.0" encoding="UTF-8"?>
<!-- Generated by org.testng.reporters.JUnitReportReporter -->
<testsuite hostname="LAPTOP-ASKQ9BMM" failures="0" tests="1" name="tugas.selenium.demoqa.pages.TestPracticeForm" time="17.230" errors="0" timestamp="2022-09-16T23:52:50 WIB" skipped="0">
  <testcase classname="tugas.selenium.demoqa.pages.TestPracticeForm" name="testPracticeForm" time="17.230"/>
  <system-out/>
</testsuite> <!-- tugas.selenium.demoqa.pages.TestPracticeForm -->
