<?xml version="1.0" encoding="UTF-8"?>
<!-- Generated by org.testng.reporters.JUnitReportReporter -->
<testsuite hostname="LAPTOP-ASKQ9BMM" failures="0" tests="15" name="ujian.ujiankeempat.openweather.ByLatLon" time="5.674" errors="0" timestamp="2022-09-18T09:28:18 WIB" skipped="0">
  <testcase classname="ujian.ujiankeempat.openweather.ByLatLon" name="testGet" time="0.214"/>
  <system-out/>
  <testcase classname="ujian.ujiankeempat.openweather.ByLatLon" name="testGet" time="0.312"/>
  <system-out/>
  <testcase classname="ujian.ujiankeempat.openweather.ByLatLon" name="testGet" time="0.206"/>
  <system-out/>
  <testcase classname="ujian.ujiankeempat.openweather.ByLatLon" name="testGet" time="0.241"/>
  <system-out/>
  <testcase classname="ujian.ujiankeempat.openweather.ByLatLon" name="testGet" time="0.249"/>
  <system-out/>
  <testcase classname="ujian.ujiankeempat.openweather.ByLatLon" name="testGet" time="1.418"/>
  <system-out/>
  <testcase classname="ujian.ujiankeempat.openweather.ByLatLon" name="testGet" time="0.240"/>
  <system-out/>
  <testcase classname="ujian.ujiankeempat.openweather.ByLatLon" name="testGet" time="0.221"/>
  <system-out/>
  <testcase classname="ujian.ujiankeempat.openweather.ByLatLon" name="testGet" time="0.216"/>
  <system-out/>
  <testcase classname="ujian.ujiankeempat.openweather.ByLatLon" name="testGet" time="0.222"/>
  <system-out/>
  <testcase classname="ujian.ujiankeempat.openweather.ByLatLon" name="testGet" time="1.256"/>
  <system-out/>
  <testcase classname="ujian.ujiankeempat.openweather.ByLatLon" name="testGet" time="0.233"/>
  <system-out/>
  <testcase classname="ujian.ujiankeempat.openweather.ByLatLon" name="testGet" time="0.224"/>
  <system-out/>
  <testcase classname="ujian.ujiankeempat.openweather.ByLatLon" name="testGet" time="0.213"/>
  <system-out/>
  <testcase classname="ujian.ujiankeempat.openweather.ByLatLon" name="testGet" time="0.209"/>
  <system-out/>
</testsuite> <!-- ujian.ujiankeempat.openweather.ByLatLon -->
