<?xml version="1.0" encoding="UTF-8"?>
<!-- Generated by org.testng.reporters.JUnitReportReporter -->
<testsuite hostname="LAPTOP-ASKQ9BMM" failures="0" tests="1" name="tugas.selenium.demoqa.pages.TestAmazonForm" time="14.738" errors="0" timestamp="2022-09-18T01:47:44 WIB" skipped="0">
  <testcase classname="tugas.selenium.demoqa.pages.TestAmazonForm" name="testAmazonForm" time="14.738"/>
  <system-out/>
</testsuite> <!-- tugas.selenium.demoqa.pages.TestAmazonForm -->
