<?xml version="1.0" encoding="UTF-8"?>
<!-- Generated by org.testng.reporters.JUnitReportReporter -->
<testsuite hostname="LAPTOP-ASKQ9BMM" failures="0" tests="1" name="latihan.selenium.CekJudul" time="13.183" errors="0" timestamp="2022-09-13T10:03:23 WIB" skipped="0">
  <testcase classname="latihan.selenium.CekJudul" name="cekGoogle" time="13.183"/>
  <system-out/>
</testsuite> <!-- latihan.selenium.CekJudul -->
