<?xml version="1.0" encoding="UTF-8"?>
<!-- Generated by org.testng.reporters.JUnitReportReporter -->
<testsuite hostname="LAPTOP-ASKQ9BMM" failures="0" tests="1" name="tugas.selenium.amazon.pages.form.TestAmazonForm" time="21.681" errors="0" timestamp="2022-09-16T21:29:18 WIB" skipped="0">
  <testcase classname="tugas.selenium.amazon.pages.form.TestAmazonForm" name="testAmazonForm" time="21.681"/>
  <system-out/>
</testsuite> <!-- tugas.selenium.amazon.pages.form.TestAmazonForm -->
