<?xml version="1.0" encoding="UTF-8"?>
<!-- Generated by org.testng.reporters.JUnitReportReporter -->
<testsuite hostname="LAPTOP-ASKQ9BMM" failures="0" tests="3" name="ujian.ujianminggukedua.TestGeometry" time="0.005" errors="0" timestamp="2022-09-06T13:52:54 WIB" skipped="0">
  <testcase classname="ujian.ujianminggukedua.TestGeometry" name="testLuasPersegi" time="0.001"/>
  <system-out/>
  <testcase classname="ujian.ujianminggukedua.TestGeometry" name="testLuasSegitiga" time="0.002"/>
  <system-out/>
  <testcase classname="ujian.ujianminggukedua.TestGeometry" name="testLuasTrapesium" time="0.002"/>
  <system-out/>
</testsuite> <!-- ujian.ujianminggukedua.TestGeometry -->
