<?xml version="1.0" encoding="UTF-8"?>
<!-- Generated by org.testng.reporters.JUnitReportReporter -->
<testsuite hostname="LAPTOP-ASKQ9BMM" failures="0" tests="15" name="ujian.ujiankeempat.openweather.ByCityId" time="4.630" errors="0" timestamp="2022-09-18T11:04:46 WIB" skipped="0">
  <testcase classname="ujian.ujiankeempat.openweather.ByCityId" name="testGet" time="0.231"/>
  <system-out/>
  <testcase classname="ujian.ujiankeempat.openweather.ByCityId" name="testGet" time="1.307"/>
  <system-out/>
  <testcase classname="ujian.ujiankeempat.openweather.ByCityId" name="testGet" time="0.250"/>
  <system-out/>
  <testcase classname="ujian.ujiankeempat.openweather.ByCityId" name="testGet" time="0.270"/>
  <system-out/>
  <testcase classname="ujian.ujiankeempat.openweather.ByCityId" name="testGet" time="0.244"/>
  <system-out/>
  <testcase classname="ujian.ujiankeempat.openweather.ByCityId" name="testGet" time="0.252"/>
  <system-out/>
  <testcase classname="ujian.ujiankeempat.openweather.ByCityId" name="testGet" time="0.235"/>
  <system-out/>
  <testcase classname="ujian.ujiankeempat.openweather.ByCityId" name="testGet" time="0.229"/>
  <system-out/>
  <testcase classname="ujian.ujiankeempat.openweather.ByCityId" name="testGet" time="0.240"/>
  <system-out/>
  <testcase classname="ujian.ujiankeempat.openweather.ByCityId" name="testGet" time="0.244"/>
  <system-out/>
  <testcase classname="ujian.ujiankeempat.openweather.ByCityId" name="testGet" time="0.217"/>
  <system-out/>
  <testcase classname="ujian.ujiankeempat.openweather.ByCityId" name="testGet" time="0.220"/>
  <system-out/>
  <testcase classname="ujian.ujiankeempat.openweather.ByCityId" name="testGet" time="0.243"/>
  <system-out/>
  <testcase classname="ujian.ujiankeempat.openweather.ByCityId" name="testGet" time="0.238"/>
  <system-out/>
  <testcase classname="ujian.ujiankeempat.openweather.ByCityId" name="testGet" time="0.210"/>
  <system-out/>
</testsuite> <!-- ujian.ujiankeempat.openweather.ByCityId -->
