<?xml version="1.0" encoding="UTF-8"?>
<!-- Generated by org.testng.reporters.JUnitReportReporter -->
<testsuite hostname="LAPTOP-ASKQ9BMM" failures="0" tests="3" name="ujian.ujianminggukedua.TestGeometryPriorityKebalik" time="0.018" errors="0" timestamp="2022-09-06T13:51:19 WIB" skipped="0">
  <testcase classname="ujian.ujianminggukedua.TestGeometryPriorityKebalik" name="testLuasTrapesium" time="0.010"/>
  <system-out/>
  <testcase classname="ujian.ujianminggukedua.TestGeometryPriorityKebalik" name="testLuasSegitiga" time="0.004"/>
  <system-out/>
  <testcase classname="ujian.ujianminggukedua.TestGeometryPriorityKebalik" name="testLuasPersegi" time="0.004"/>
  <system-out/>
</testsuite> <!-- ujian.ujianminggukedua.TestGeometryPriorityKebalik -->
